<?xml version="1.0" encoding="UTF-8"?>
<!-- Generated by org.testng.reporters.JUnitXMLReporter -->
<testsuite hostname="gandhi-PC" name="Test" tests="1" failures="1" timestamp="30 Jul 2016 12:51:39 GMT" time="61.581" errors="0">
  <testcase name="create" time="38.727" classname="listn.A">
    <failure type="java.lang.AssertionError" message="expected [gani] but found [gandhi]">
      <![CDATA[java.lang.AssertionError: expected [gani] but found [gandhi]
	at listn.A.create(A.java:20)
... Removed 29 stack frames]]>
    </failure>
  </testcase> <!-- create -->
</testsuite> <!-- Test -->
